<?xml version="1.0" encoding="UTF-8"?>
<!-- Generated by org.testng.reporters.JUnitXMLReporter -->
<testsuite ignored="0" hostname="QSP" failures="1" tests="3" name="Test" time="70.557" errors="0" timestamp="2021-12-27T17:38:54 IST">
  <testcase classname="testng.Testcase1" name="login" time="20.695">
    <failure type="java.lang.AssertionError" message="The following asserts failed:
	expected [tr6ytryr76r76] but found [Facebook – log in or sign up]">
      <![CDATA[java.lang.AssertionError: The following asserts failed:
expected [tr6ytryr76r76] but found [Facebook – log in or sign up]
at testng.Testcase1.login(Testcase1.java:40)
at java.base/java.util.ArrayList.forEach(ArrayList.java:1511)
... Removed 29 stack frames]]>
    </failure>
  </testcase> <!-- login -->
  <testcase classname="testng.Testcase2" name="forgotPassword" time="6.538"/>
  <testcase classname="testng.Testcase3" name="getstarted" time="10.121"/>
</testsuite> <!-- Test -->
